<?xml version="1.0" encoding="UTF-8"?>
<testng-results total="1" passed="1" failed="0" skipped="0">
  <reporter-output>
  </reporter-output>
  <suite started-at="2022-09-17T11:30:12Z" name="Suite" finished-at="2022-09-17T11:30:21Z" duration-ms="9548">
    <groups>
    </groups>
    <test started-at="2022-09-17T11:30:12Z" name="EBanking Test" finished-at="2022-09-17T11:30:21Z" duration-ms="9548">
      <class name="com.Ebanking.TestCases.TC_Logintest_001">
        <test-method is-config="true" signature="setup(java.lang.String)[pri:0, instance:com.Ebanking.TestCases.TC_Logintest_001@795509d9]" started-at="2022-09-17T11:30:12Z" name="setup" finished-at="2022-09-17T11:30:14Z" duration-ms="2367" status="PASS">
          <params>
            <param index="0">
              <value>
                <![CDATA[chrome]]>
              </value>
            </param>
          </params>
        </test-method> <!-- setup -->
        <test-method signature="Logintest()[pri:0, instance:com.Ebanking.TestCases.TC_Logintest_001@795509d9]" started-at="2022-09-17T11:30:14Z" name="Logintest" finished-at="2022-09-17T11:30:21Z" duration-ms="7004" status="PASS">
        </test-method> <!-- Logintest -->
        <test-method is-config="true" signature="teardown()[pri:0, instance:com.Ebanking.TestCases.TC_Logintest_001@795509d9]" started-at="2022-09-17T11:30:21Z" name="teardown" finished-at="2022-09-17T11:30:21Z" duration-ms="163" status="PASS">
        </test-method> <!-- teardown -->
      </class> <!-- com.Ebanking.TestCases.TC_Logintest_001 -->
    </test> <!-- EBanking Test -->
  </suite> <!-- Suite -->
</testng-results>
